<?xml version="1.0" encoding="UTF-8"?>
<testng-results ignored="0" total="2" passed="2" failed="0" skipped="0">
  <reporter-output>
    <line>
      <![CDATA[--test1--]]>
    </line>
    <line>
      <![CDATA[--test2--]]>
    </line>
  </reporter-output>
  <suite started-at="2023-11-29T15:15:36 GMT+05:30" name="Default suite" finished-at="2023-11-29T15:15:36 GMT+05:30" duration-ms="726">
    <groups>
    </groups>
    <test started-at="2023-11-29T15:15:36 GMT+05:30" name="Default test" finished-at="2023-11-29T15:15:36 GMT+05:30" duration-ms="726">
      <class name="com.project.Practice.demoClass1test">
        <test-method signature="test21()[pri:0, instance:com.project.Practice.demoClass1test@38d8f54a]" started-at="2023-11-29T15:15:36 GMT+05:30" name="test21" finished-at="2023-11-29T15:15:36 GMT+05:30" duration-ms="161" status="PASS">
          <reporter-output>
            <line>
              <![CDATA[--test1--]]>
            </line>
          </reporter-output>
        </test-method> <!-- test21 -->
        <test-method signature="test22()[pri:0, instance:com.project.Practice.demoClass1test@38d8f54a]" started-at="2023-11-29T15:15:36 GMT+05:30" name="test22" finished-at="2023-11-29T15:15:36 GMT+05:30" duration-ms="3" status="PASS">
          <reporter-output>
            <line>
              <![CDATA[--test2--]]>
            </line>
          </reporter-output>
        </test-method> <!-- test22 -->
      </class> <!-- com.project.Practice.demoClass1test -->
    </test> <!-- Default test -->
  </suite> <!-- Default suite -->
</testng-results>
